#
# A fatal error has been detected by the Java Runtime Environment:
#
#  EXCEPTION_ACCESS_VIOLATION (0xc0000005) at pc=0x0000000077bae4b4, pid=4340, tid=5584
#
# JRE version: OpenJDK Runtime Environment (14.0.2+12) (build 14.0.2+12-46)
# Java VM: OpenJDK 64-Bit Server VM (14.0.2+12-46, mixed mode, sharing, tiered, compressed oops, g1 gc, windows-amd64)
# Problematic frame:
# C  [ntdll.dll+0x4e4b4]
#
# No core dump will be written. Minidumps are not enabled by default on client versions of Windows
#
# If you would like to submit a bug report, please visit:
#   https://bugreport.java.com/bugreport/crash.jsp
# The crash happened outside the Java Virtual Machine in native code.
# See problematic frame for where to report the bug.
#

---------------  S U M M A R Y ------------

Command Line: -agentlib:jdwp=transport=dt_socket,address=127.0.0.1:64821,suspend=y,server=n -javaagent:C:\Users\bolid\AppData\Local\JetBrains\IdeaIC2020.2\captureAgent\debugger-agent.jar -Dfile.encoding=UTF-8 com.javarush.task.task20.task2013.Solution

Host: Intel(R) Atom(TM) CPU D525   @ 1.80GHz, 4 cores, 3G,  Windows 7 , 64 bit Build 7601 (6.1.7601.17514)
Time: Mon Nov 23 14:23:28 2020 Iineianeia a?aiy (ceia) elapsed time: 8 seconds (0d 0h 0m 8s)

---------------  T H R E A D  ---------------

Current thread (0x0000000021172000):  JavaThread "JDWP Command Reader" daemon [_thread_in_native, id=5584, stack(0x0000000021ab0000,0x0000000021bb0000)]

Stack: [0x0000000021ab0000,0x0000000021bb0000],  sp=0x0000000021baf750,  free space=1021k
Native frames: (J=compiled Java code, j=interpreted, Vv=VM code, C=native code)
C  [ntdll.dll+0x4e4b4]
C  [ntdll.dll+0x4e3db]
C  [imon.dll+0x7681]


siginfo: EXCEPTION_ACCESS_VIOLATION (0xc0000005), writing address 0x0000000000000024


Register to memory mapping:

RIP=0x0000000077bae4b4 ntdll.dll
RAX=0x0 is NULL
RBX=0x00000000215da200 points into unknown readable memory: 00 00 00 00 00 00 00 00
RCX=
[error occurred during error reporting (printing register info), id 0xc0000005, EXCEPTION_ACCESS_VIOLATION (0xc0000005) at pc=0x000007fedf791c94]

Registers:
RAX=0x0000000000000000, RBX=0x00000000215da200, RCX=0x00000000fffffffc, RDX=0x00000000000002e0
RSP=0x0000000021baf750, RBP=0x0000000000000000, RSI=0x00000000000002e0, RDI=0x0000000000000000
R8 =0x0000000021baf708, R9 =0x0000000000000004, R10=0x0000000000000000, R11=0x0000000000000246
R12=0x0000000000000000, R13=0x0000000000000000, R14=0x000007fffff92000, R15=0x0000000000000000
RIP=0x0000000077bae4b4, EFLAGS=0x0000000000010213

Top of Stack: (sp=0x0000000021baf750)
0x0000000021baf750:   0000000000000016 00000000000002e0
0x0000000021baf760:   0000000000000000 0000000002120760
0x0000000021baf770:   0000000021205bd0 00000000001f8f88
0x0000000021baf780:   0000000077c75410 ffffffffffb3b4c0
0x0000000021baf790:   0000000000000370 00000000001f8980
0x0000000021baf7a0:   0000000000000368 00000000001f8b78
0x0000000021baf7b0:   0000000000000000 0000000000000350
0x0000000021baf7c0:   0000000000000000 000000002110e6f0
0x0000000021baf7d0:   0000000021baf9e8 0000000000000001
0x0000000021baf7e0:   0000000000000004 0000000000000001
0x0000000021baf7f0:   00000000ff000000 0000000077bae3db
0x0000000021baf800:   0000000000000000 0000000000000000
0x0000000021baf810:   0000000002434df0 00000000215da200
0x0000000021baf820:   0000000000000000 0000000002157681
0x0000000021baf830:   00000000ffffffff 0000000000000000
0x0000000021baf840:   0000000000000000 0000000000000020 

Instructions: (pc=0x0000000077bae4b4)
0x0000000077bae3b4:   8b 74 24 38 48 8b 6c 24 30 e9 13 4c 00 00 a8 01
0x0000000077bae3c4:   75 d2 49 0f ba e0 19 0f 82 ea 3f fb ff 8b d7 48
0x0000000077bae3d4:   8b cb e8 25 00 00 00 83 f8 01 74 ce 83 f8 02 75
0x0000000077bae3e4:   93 8d 70 01 8b f8 eb 8c 90 90 90 90 90 90 90 90
0x0000000077bae3f4:   90 90 90 90 90 90 90 90 90 90 90 90 48 89 5c 24
0x0000000077bae404:   20 55 56 57 41 56 41 57 48 81 ec 80 00 00 00 48
0x0000000077bae414:   8d 05 76 90 0e 00 45 33 ff 8b ea 48 8b d9 48 3b
0x0000000077bae424:   c8 0f 84 ee e4 fd ff 33 ff 89 bc 24 b0 00 00 00
0x0000000077bae434:   65 4c 8b 34 25 30 00 00 00 85 ff 0f 85 e5 e4 fd
0x0000000077bae444:   ff 44 38 3d 3c 42 0e 00 0f 85 b2 be 01 00 44 39
0x0000000077bae454:   3d b3 3e 0e 00 0f 85 80 be 01 00 4c 89 a4 24 b8
0x0000000077bae464:   00 00 00 44 38 3d 23 3e 0e 00 0f 84 a4 be 01 00
0x0000000077bae474:   45 33 e4 48 8b 73 18 48 85 f6 0f 84 22 5a fe ff
0x0000000077bae484:   8b 43 08 a8 01 0f 85 b5 47 fd ff 8b c8 2b cd f0
0x0000000077bae494:   0f b1 4b 08 0f 85 9b 47 fd ff 48 8b 03 4c 89 ac
0x0000000077bae4a4:   24 c0 00 00 00 33 ed 45 33 ed 48 83 f8 ff 74 03
0x0000000077bae4b4:   ff 40 24 ba 22 17 00 00 48 8d 3d cd 8f 0e 00 80
0x0000000077bae4c4:   3c 25 82 03 fe 7f 00 0f 85 53 be 01 00 48 83 fe
0x0000000077bae4d4:   ff 0f 84 ac be 01 00 4d 8b c4 33 d2 48 8b ce e8
0x0000000077bae4e4:   68 2e 00 00 3d 02 01 00 00 0f 84 af be 01 00 4c
0x0000000077bae4f4:   8b ac 24 c0 00 00 00 85 c0 0f 88 60 bf 01 00 8b
0x0000000077bae504:   bc 24 b0 00 00 00 85 ff 0f 85 28 e4 fd ff b8 02
0x0000000077bae514:   00 00 00 4c 8b a4 24 b8 00 00 00 48 8b 9c 24 c8
0x0000000077bae524:   00 00 00 48 81 c4 80 00 00 00 41 5f 41 5e 5f 5e
0x0000000077bae534:   5d c3 40 f6 c7 01 0f 84 db a8 01 00 40 f6 c7 02
0x0000000077bae544:   0f 84 ea 4a 00 00 8d 4f 02 8b c7 f0 0f b1 4b 08
0x0000000077bae554:   0f 85 da 4a 00 00 48 8b 4b 18 48 85 c9 0f 84 bf
0x0000000077bae564:   a8 01 00 48 83 f9 ff 0f 84 c6 a8 01 00 33 d2 e8
0x0000000077bae574:   78 2e 00 00 85 c0 0f 89 b4 4a 00 00 e9 13 3c 01
0x0000000077bae584:   00 90 90 90 90 90 90 90 90 90 90 90 85 d2 0f 84
0x0000000077bae594:   d9 98 01 00 48 8b 41 18 49 89 00 81 fa ff ff ff
0x0000000077bae5a4:   7f 0f 83 d5 64 01 00 83 c2 03 83 e2 fc 8b c2 48 


Stack slot to memory mapping:
stack at sp + 0 slots: 0x0000000000000016 is an unknown value
stack at sp + 1 slots: 0x00000000000002e0 is an unknown value
stack at sp + 2 slots: 0x0 is NULL
stack at sp + 3 slots: 0x0000000002120760 points into unknown readable memory: 00 08 12 02 00 00 00 00
stack at sp + 4 slots: 0x0000000021205bd0 points into unknown readable memory: 77 ad 1e 71 2e 69 6f 2e
stack at sp + 5 slots: 0x00000000001f8f88 points into unknown readable memory: 30 b7 37 1f 00 00 00 00
stack at sp + 6 slots: 0x0000000077c75410 ntdll.dll
stack at sp + 7 slots: 0xffffffffffb3b4c0 is an unknown value


---------------  P R O C E S S  ---------------

Threads class SMR info:
_java_thread_list=0x0000000000284c90, length=13, elements={
0x000000001f427800, 0x000000001f430800, 0x000000001f445000, 0x000000001f446000,
0x000000001f447000, 0x000000001f448000, 0x000000001f449800, 0x000000001f45c800,
0x000000001f409800, 0x00000000210db800, 0x0000000021167800, 0x0000000021172000,
0x0000000021219800
}

Java Threads: ( => current thread )
  0x000000001f427800 JavaThread "Reference Handler" daemon [_thread_blocked, id=4024, stack(0x0000000020430000,0x0000000020530000)]
  0x000000001f430800 JavaThread "Finalizer" daemon [_thread_blocked, id=2264, stack(0x0000000020610000,0x0000000020710000)]
  0x000000001f445000 JavaThread "Signal Dispatcher" daemon [_thread_blocked, id=3956, stack(0x00000000207b0000,0x00000000208b0000)]
  0x000000001f446000 JavaThread "Attach Listener" daemon [_thread_blocked, id=5100, stack(0x000000001f4b0000,0x000000001f5b0000)]
  0x000000001f447000 JavaThread "Service Thread" daemon [_thread_blocked, id=1264, stack(0x00000000208e0000,0x00000000209e0000)]
  0x000000001f448000 JavaThread "C2 CompilerThread0" daemon [_thread_blocked, id=3128, stack(0x0000000020b10000,0x0000000020c10000)]
  0x000000001f449800 JavaThread "C1 CompilerThread0" daemon [_thread_blocked, id=1708, stack(0x0000000020c30000,0x0000000020d30000)]
  0x000000001f45c800 JavaThread "Sweeper thread" daemon [_thread_blocked, id=312, stack(0x0000000020dc0000,0x0000000020ec0000)]
  0x000000001f409800 JavaThread "Common-Cleaner" daemon [_thread_blocked, id=5732, stack(0x0000000020fd0000,0x00000000210d0000)]
  0x00000000210db800 JavaThread "JDWP Transport Listener: dt_socket" daemon [_thread_blocked, id=5736, stack(0x0000000021990000,0x0000000021a90000)]
  0x0000000021167800 JavaThread "JDWP Event Helper Thread" daemon [_thread_blocked, id=5704, stack(0x00000000214d0000,0x00000000215d0000)]
=>0x0000000021172000 JavaThread "JDWP Command Reader" daemon [_thread_in_native, id=5584, stack(0x0000000021ab0000,0x0000000021bb0000)]
  0x0000000021219800 JavaThread "Notification Thread" daemon [_thread_blocked, id=5688, stack(0x0000000021ca0000,0x0000000021da0000)]

Other Threads:
  0x000000000029b800 GCTaskThread "GC Thread#0" [stack: 0x000000001cac0000,0x000000001cbc0000] [id=5272]
  0x00000000002a6000 ConcurrentGCThread "G1 Main Marker" [stack: 0x000000001cc90000,0x000000001cd90000] [id=2612]
  0x00000000002a7000 ConcurrentGCThread "G1 Conc#0" [stack: 0x000000001ce20000,0x000000001cf20000] [id=5144]
  0x000000001f370800 ConcurrentGCThread "G1 Refine#0" [stack: 0x000000001f640000,0x000000001f740000] [id=4376]
  0x00000000002ef800 ConcurrentGCThread "G1 Young RemSet Sampling" [stack: 0x000000001f7a0000,0x000000001f8a0000] [id=2968]

Threads with active compile tasks:

VM state:at safepoint (shutting down)

VM Mutex/Monitor currently owned by a thread:  ([mutex/lock_event])
[0x0000000000265b60] Threads_lock - owner thread: 0x000000001f422800

Heap address: 0x00000000c0200000, size: 1022 MB, Compressed Oops mode: 32-bit
Narrow klass base: 0x0000000800000000, Narrow klass shift: 3
Compressed class space size: 1073741824 Address: 0x0000000800b30000

Heap:
 garbage-first heap   total 65536K, used 2048K [0x00000000c0200000, 0x0000000100000000)
  region size 1024K, 3 young (3072K), 0 survivors (0K)
 Metaspace       used 862K, capacity 4702K, committed 4864K, reserved 1056768K
  class space    used 81K, capacity 443K, committed 512K, reserved 1048576K
Heap Regions: E=young(eden), S=young(survivor), O=old, HS=humongous(starts), HC=humongous(continues), CS=collection set, F=free, OA=open archive, CA=closed archive, TAMS=top-at-mark-start (previous, next)
|   0|0x00000000c0200000, 0x00000000c0200000, 0x00000000c0300000|  0%| F|  |TAMS 0x00000000c0200000, 0x00000000c0200000| Untracked 
|   1|0x00000000c0300000, 0x00000000c0300000, 0x00000000c0400000|  0%| F|  |TAMS 0x00000000c0300000, 0x00000000c0300000| Untracked 
|   2|0x00000000c0400000, 0x00000000c0400000, 0x00000000c0500000|  0%| F|  |TAMS 0x00000000c0400000, 0x00000000c0400000| Untracked 
|   3|0x00000000c0500000, 0x00000000c0500000, 0x00000000c0600000|  0%| F|  |TAMS 0x00000000c0500000, 0x00000000c0500000| Untracked 
|   4|0x00000000c0600000, 0x00000000c0600000, 0x00000000c0700000|  0%| F|  |TAMS 0x00000000c0600000, 0x00000000c0600000| Untracked 
|   5|0x00000000c0700000, 0x00000000c0700000, 0x00000000c0800000|  0%| F|  |TAMS 0x00000000c0700000, 0x00000000c0700000| Untracked 
|   6|0x00000000c0800000, 0x00000000c0800000, 0x00000000c0900000|  0%| F|  |TAMS 0x00000000c0800000, 0x00000000c0800000| Untracked 
|   7|0x00000000c0900000, 0x00000000c0900000, 0x00000000c0a00000|  0%| F|  |TAMS 0x00000000c0900000, 0x00000000c0900000| Untracked 
|   8|0x00000000c0a00000, 0x00000000c0a00000, 0x00000000c0b00000|  0%| F|  |TAMS 0x00000000c0a00000, 0x00000000c0a00000| Untracked 
|   9|0x00000000c0b00000, 0x00000000c0b00000, 0x00000000c0c00000|  0%| F|  |TAMS 0x00000000c0b00000, 0x00000000c0b00000| Untracked 
|  10|0x00000000c0c00000, 0x00000000c0c00000, 0x00000000c0d00000|  0%| F|  |TAMS 0x00000000c0c00000, 0x00000000c0c00000| Untracked 
|  11|0x00000000c0d00000, 0x00000000c0d00000, 0x00000000c0e00000|  0%| F|  |TAMS 0x00000000c0d00000, 0x00000000c0d00000| Untracked 
|  12|0x00000000c0e00000, 0x00000000c0e00000, 0x00000000c0f00000|  0%| F|  |TAMS 0x00000000c0e00000, 0x00000000c0e00000| Untracked 
|  13|0x00000000c0f00000, 0x00000000c0f00000, 0x00000000c1000000|  0%| F|  |TAMS 0x00000000c0f00000, 0x00000000c0f00000| Untracked 
|  14|0x00000000c1000000, 0x00000000c1000000, 0x00000000c1100000|  0%| F|  |TAMS 0x00000000c1000000, 0x00000000c1000000| Untracked 
|  15|0x00000000c1100000, 0x00000000c1100000, 0x00000000c1200000|  0%| F|  |TAMS 0x00000000c1100000, 0x00000000c1100000| Untracked 
|  16|0x00000000c1200000, 0x00000000c1200000, 0x00000000c1300000|  0%| F|  |TAMS 0x00000000c1200000, 0x00000000c1200000| Untracked 
|  17|0x00000000c1300000, 0x00000000c1300000, 0x00000000c1400000|  0%| F|  |TAMS 0x00000000c1300000, 0x00000000c1300000| Untracked 
|  18|0x00000000c1400000, 0x00000000c1400000, 0x00000000c1500000|  0%| F|  |TAMS 0x00000000c1400000, 0x00000000c1400000| Untracked 
|  19|0x00000000c1500000, 0x00000000c1500000, 0x00000000c1600000|  0%| F|  |TAMS 0x00000000c1500000, 0x00000000c1500000| Untracked 
|  20|0x00000000c1600000, 0x00000000c1600000, 0x00000000c1700000|  0%| F|  |TAMS 0x00000000c1600000, 0x00000000c1600000| Untracked 
|  21|0x00000000c1700000, 0x00000000c1700000, 0x00000000c1800000|  0%| F|  |TAMS 0x00000000c1700000, 0x00000000c1700000| Untracked 
|  22|0x00000000c1800000, 0x00000000c1800000, 0x00000000c1900000|  0%| F|  |TAMS 0x00000000c1800000, 0x00000000c1800000| Untracked 
|  23|0x00000000c1900000, 0x00000000c1900000, 0x00000000c1a00000|  0%| F|  |TAMS 0x00000000c1900000, 0x00000000c1900000| Untracked 
|  24|0x00000000c1a00000, 0x00000000c1a00000, 0x00000000c1b00000|  0%| F|  |TAMS 0x00000000c1a00000, 0x00000000c1a00000| Untracked 
|  25|0x00000000c1b00000, 0x00000000c1b00000, 0x00000000c1c00000|  0%| F|  |TAMS 0x00000000c1b00000, 0x00000000c1b00000| Untracked 
|  26|0x00000000c1c00000, 0x00000000c1c00000, 0x00000000c1d00000|  0%| F|  |TAMS 0x00000000c1c00000, 0x00000000c1c00000| Untracked 
|  27|0x00000000c1d00000, 0x00000000c1d00000, 0x00000000c1e00000|  0%| F|  |TAMS 0x00000000c1d00000, 0x00000000c1d00000| Untracked 
|  28|0x00000000c1e00000, 0x00000000c1e00000, 0x00000000c1f00000|  0%| F|  |TAMS 0x00000000c1e00000, 0x00000000c1e00000| Untracked 
|  29|0x00000000c1f00000, 0x00000000c1f00000, 0x00000000c2000000|  0%| F|  |TAMS 0x00000000c1f00000, 0x00000000c1f00000| Untracked 
|  30|0x00000000c2000000, 0x00000000c2000000, 0x00000000c2100000|  0%| F|  |TAMS 0x00000000c2000000, 0x00000000c2000000| Untracked 
|  31|0x00000000c2100000, 0x00000000c2100000, 0x00000000c2200000|  0%| F|  |TAMS 0x00000000c2100000, 0x00000000c2100000| Untracked 
|  32|0x00000000c2200000, 0x00000000c2200000, 0x00000000c2300000|  0%| F|  |TAMS 0x00000000c2200000, 0x00000000c2200000| Untracked 
|  33|0x00000000c2300000, 0x00000000c2300000, 0x00000000c2400000|  0%| F|  |TAMS 0x00000000c2300000, 0x00000000c2300000| Untracked 
|  34|0x00000000c2400000, 0x00000000c2400000, 0x00000000c2500000|  0%| F|  |TAMS 0x00000000c2400000, 0x00000000c2400000| Untracked 
|  35|0x00000000c2500000, 0x00000000c2500000, 0x00000000c2600000|  0%| F|  |TAMS 0x00000000c2500000, 0x00000000c2500000| Untracked 
|  36|0x00000000c2600000, 0x00000000c2600000, 0x00000000c2700000|  0%| F|  |TAMS 0x00000000c2600000, 0x00000000c2600000| Untracked 