#
# A fatal error has been detected by the Java Runtime Environment:
#
#  EXCEPTION_ACCESS_VIOLATION (0xc0000005) at pc=0x000000007716e4b4, pid=3992, tid=4928
#
# JRE version: OpenJDK Runtime Environment (14.0.2+12) (build 14.0.2+12-46)
# Java VM: OpenJDK 64-Bit Server VM (14.0.2+12-46, mixed mode, sharing, tiered, compressed oops, g1 gc, windows-amd64)
# Problematic frame:
# C  [ntdll.dll+0x4e4b4]
#
# No core dump will be written. Minidumps are not enabled by default on client versions of Windows
#
# If you would like to submit a bug report, please visit:
#   https://bugreport.java.com/bugreport/crash.jsp
# The crash happened outside the Java Virtual Machine in native code.
# See problematic frame for where to report the bug.
#

---------------  S U M M A R Y ------------

Command Line: -agentlib:jdwp=transport=dt_socket,address=127.0.0.1:56144,suspend=y,server=n -javaagent:C:\Users\bolid\AppData\Local\JetBrains\IdeaIC2020.2\captureAgent\debugger-agent.jar -Dfile.encoding=UTF-8 com.javarush.task.task18.task1827.Solution

Host: Intel(R) Atom(TM) CPU D525   @ 1.80GHz, 4 cores, 1G,  Windows 7 , 64 bit Build 7601 (6.1.7601.17514)
Time: Thu Nov  5 14:52:25 2020 Iineianeia a?aiy (ceia) elapsed time: 53 seconds (0d 0h 0m 53s)

---------------  T H R E A D  ---------------

Current thread (0x0000000020003800):  JavaThread "JDWP Command Reader" daemon [_thread_in_native, id=4928, stack(0x0000000020c70000,0x0000000020d70000)]

Stack: [0x0000000020c70000,0x0000000020d70000],  sp=0x0000000020d6f3f0,  free space=1020k
Native frames: (J=compiled Java code, j=interpreted, Vv=VM code, C=native code)
C  [ntdll.dll+0x4e4b4]
C  [ntdll.dll+0x4e3db]
C  [imon.dll+0x7681]


siginfo: EXCEPTION_ACCESS_VIOLATION (0xc0000005), writing address 0x0000000000000024


Register to memory mapping:

RIP=0x000000007716e4b4 ntdll.dll
RAX=0x0 is NULL
RBX=0x000000001f8ba200 points into unknown readable memory: 00 00 00 00 00 00 00 00
RCX=
[error occurred during error reporting (printing register info), id 0xc0000005, EXCEPTION_ACCESS_VIOLATION (0xc0000005) at pc=0x000007fee5291c94]

Registers:
RAX=0x0000000000000000, RBX=0x000000001f8ba200, RCX=0x00000000fffffffc, RDX=0x00000000000002e4
RSP=0x0000000020d6f3f0, RBP=0x0000000000000000, RSI=0x00000000000002e4, RDI=0x0000000000000000
R8 =0x0000000020d6f3a8, R9 =0x0000000000000004, R10=0x0000000000000000, R11=0x0000000000000246
R12=0x0000000000000000, R13=0x0000000000000000, R14=0x000007fffff92000, R15=0x0000000000000000
RIP=0x000000007716e4b4, EFLAGS=0x0000000000010213

Top of Stack: (sp=0x0000000020d6f3f0)
0x0000000020d6f3f0:   00000000206f1470 00000000000002e4
0x0000000020d6f400:   0000000000000000 0000000002240760
0x0000000020d6f410:   000000001ece3f10 0000000000000000
0x0000000020d6f420:   7fffffffffffffff ffffffffffb3b4c0
0x0000000020d6f430:   0000000000000000 00000000002088f0
0x0000000020d6f440:   0000000000000000 0000000000208ae8
0x0000000020d6f450:   0000000000000000 0000000000000350
0x0000000020d6f460:   0000000000000000 000000001ff767d0
0x0000000020d6f470:   0000000020d6f688 0000000000000001
0x0000000020d6f480:   0000000000000004 0000000000000001
0x0000000020d6f490:   00000000ff000000 000000007716e3db
0x0000000020d6f4a0:   0000000000000000 0000000000000000
0x0000000020d6f4b0:   0000000020544df0 000000001f8ba200
0x0000000020d6f4c0:   0000000000000000 0000000020b07681
0x0000000020d6f4d0:   00000000ffffffff 0000000000000000
0x0000000020d6f4e0:   0000000000000000 000007fe00000020 

Instructions: (pc=0x000000007716e4b4)
0x000000007716e3b4:   8b 74 24 38 48 8b 6c 24 30 e9 13 4c 00 00 a8 01
0x000000007716e3c4:   75 d2 49 0f ba e0 19 0f 82 ea 3f fb ff 8b d7 48
0x000000007716e3d4:   8b cb e8 25 00 00 00 83 f8 01 74 ce 83 f8 02 75
0x000000007716e3e4:   93 8d 70 01 8b f8 eb 8c 90 90 90 90 90 90 90 90
0x000000007716e3f4:   90 90 90 90 90 90 90 90 90 90 90 90 48 89 5c 24
0x000000007716e404:   20 55 56 57 41 56 41 57 48 81 ec 80 00 00 00 48
0x000000007716e414:   8d 05 76 90 0e 00 45 33 ff 8b ea 48 8b d9 48 3b
0x000000007716e424:   c8 0f 84 ee e4 fd ff 33 ff 89 bc 24 b0 00 00 00
0x000000007716e434:   65 4c 8b 34 25 30 00 00 00 85 ff 0f 85 e5 e4 fd
0x000000007716e444:   ff 44 38 3d 3c 42 0e 00 0f 85 b2 be 01 00 44 39
0x000000007716e454:   3d b3 3e 0e 00 0f 85 80 be 01 00 4c 89 a4 24 b8
0x000000007716e464:   00 00 00 44 38 3d 23 3e 0e 00 0f 84 a4 be 01 00
0x000000007716e474:   45 33 e4 48 8b 73 18 48 85 f6 0f 84 22 5a fe ff
0x000000007716e484:   8b 43 08 a8 01 0f 85 b5 47 fd ff 8b c8 2b cd f0
0x000000007716e494:   0f b1 4b 08 0f 85 9b 47 fd ff 48 8b 03 4c 89 ac
0x000000007716e4a4:   24 c0 00 00 00 33 ed 45 33 ed 48 83 f8 ff 74 03
0x000000007716e4b4:   ff 40 24 ba 22 17 00 00 48 8d 3d cd 8f 0e 00 80
0x000000007716e4c4:   3c 25 82 03 fe 7f 00 0f 85 53 be 01 00 48 83 fe
0x000000007716e4d4:   ff 0f 84 ac be 01 00 4d 8b c4 33 d2 48 8b ce e8
0x000000007716e4e4:   68 2e 00 00 3d 02 01 00 00 0f 84 af be 01 00 4c
0x000000007716e4f4:   8b ac 24 c0 00 00 00 85 c0 0f 88 60 bf 01 00 8b
0x000000007716e504:   bc 24 b0 00 00 00 85 ff 0f 85 28 e4 fd ff b8 02
0x000000007716e514:   00 00 00 4c 8b a4 24 b8 00 00 00 48 8b 9c 24 c8
0x000000007716e524:   00 00 00 48 81 c4 80 00 00 00 41 5f 41 5e 5f 5e
0x000000007716e534:   5d c3 40 f6 c7 01 0f 84 db a8 01 00 40 f6 c7 02
0x000000007716e544:   0f 84 ea 4a 00 00 8d 4f 02 8b c7 f0 0f b1 4b 08
0x000000007716e554:   0f 85 da 4a 00 00 48 8b 4b 18 48 85 c9 0f 84 bf
0x000000007716e564:   a8 01 00 48 83 f9 ff 0f 84 c6 a8 01 00 33 d2 e8
0x000000007716e574:   78 2e 00 00 85 c0 0f 89 b4 4a 00 00 e9 13 3c 01
0x000000007716e584:   00 90 90 90 90 90 90 90 90 90 90 90 85 d2 0f 84
0x000000007716e594:   d9 98 01 00 48 8b 41 18 49 89 00 81 fa ff ff ff
0x000000007716e5a4:   7f 0f 83 d5 64 01 00 83 c2 03 83 e2 fc 8b c2 48 


Stack slot to memory mapping:
stack at sp + 0 slots: 0x00000000206f1470 points into unknown readable memory: f0 16 6f 20 00 00 00 00
stack at sp + 1 slots: 0x00000000000002e4 is an unknown value
stack at sp + 2 slots: 0x0 is NULL
stack at sp + 3 slots: 0x0000000002240760 points into unknown readable memory: 00 08 24 02 00 00 00 00
stack at sp + 4 slots: 0x000000001ece3f10 points into unknown readable memory: f2 1b bf 78 00 00 00 00
stack at sp + 5 slots: 0x0 is NULL
stack at sp + 6 slots: 0x7fffffffffffffff is an unknown value
stack at sp + 7 slots: 0xffffffffffb3b4c0 is an unknown value


---------------  P R O C E S S  ---------------

Threads class SMR info:
_java_thread_list=0x0000000000294d90, length=13, elements={
0x000000001e3bf800, 0x000000001e3c0800, 0x000000001ec60800, 0x000000001ec61800,
0x000000001ec62800, 0x000000001ec6a800, 0x000000001ec6b800, 0x000000001ec6f800,
0x000000001ec51000, 0x000000001ffbc000, 0x0000000020072800, 0x0000000020003800,
0x000000002009c000
}

Java Threads: ( => current thread )
  0x000000001e3bf800 JavaThread "Reference Handler" daemon [_thread_blocked, id=5100, stack(0x000000001f070000,0x000000001f170000)]
  0x000000001e3c0800 JavaThread "Finalizer" daemon [_thread_blocked, id=3684, stack(0x000000001f240000,0x000000001f340000)]
  0x000000001ec60800 JavaThread "Signal Dispatcher" daemon [_thread_blocked, id=3428, stack(0x000000001f450000,0x000000001f550000)]
  0x000000001ec61800 JavaThread "Attach Listener" daemon [_thread_blocked, id=1140, stack(0x000000001f6a0000,0x000000001f7a0000)]
  0x000000001ec62800 JavaThread "Service Thread" daemon [_thread_blocked, id=1956, stack(0x000000001f900000,0x000000001fa00000)]
  0x000000001ec6a800 JavaThread "C2 CompilerThread0" daemon [_thread_blocked, id=4620, stack(0x000000001fa90000,0x000000001fb90000)]
  0x000000001ec6b800 JavaThread "C1 CompilerThread0" daemon [_thread_blocked, id=5144, stack(0x000000001f340000,0x000000001f440000)]
  0x000000001ec6f800 JavaThread "Sweeper thread" daemon [_thread_blocked, id=4280, stack(0x000000001fc50000,0x000000001fd50000)]
  0x000000001ec51000 JavaThread "Common-Cleaner" daemon [_thread_blocked, id=3584, stack(0x000000001fe70000,0x000000001ff70000)]
  0x000000001ffbc000 JavaThread "JDWP Transport Listener: dt_socket" daemon [_thread_blocked, id=4504, stack(0x0000000020440000,0x0000000020540000)]
  0x0000000020072800 JavaThread "JDWP Event Helper Thread" daemon [_thread_blocked, id=3136, stack(0x0000000020870000,0x0000000020970000)]
=>0x0000000020003800 JavaThread "JDWP Command Reader" daemon [_thread_in_native, id=4928, stack(0x0000000020c70000,0x0000000020d70000)]
  0x000000002009c000 JavaThread "Notification Thread" daemon [_thread_blocked, id=5556, stack(0x0000000020df0000,0x0000000020ef0000)]

Other Threads:
  0x000000001e3ba000 VMThread "VM Thread" [stack: 0x000000001eeb0000,0x000000001efb0000] [id=1476] _threads_hazard_ptr=0x0000000000294d90
  0x00000000002a2800 GCTaskThread "GC Thread#0" [stack: 0x000000001b830000,0x000000001b930000] [id=5996]
  0x00000000002a8800 ConcurrentGCThread "G1 Main Marker" [stack: 0x000000001baa0000,0x000000001bba0000] [id=1928]
  0x00000000002a9800 ConcurrentGCThread "G1 Conc#0" [stack: 0x000000001bc60000,0x000000001bd60000] [id=3748]
  0x00000000002e1000 ConcurrentGCThread "G1 Refine#0" [stack: 0x000000001dfe0000,0x000000001e0e0000] [id=1900]
  0x00000000002e2000 ConcurrentGCThread "G1 Young RemSet Sampling" [stack: 0x000000001e1d0000,0x000000001e2d0000] [id=2840]

Threads with active compile tasks:

VM state:at safepoint (normal execution)

VM Mutex/Monitor currently owned by a thread:  ([mutex/lock_event])
[0x0000000000275a00] Threads_lock - owner thread: 0x000000001e3ba000
[0x00000000002760c0] Heap_lock - owner thread: 0x000000000027b800

Heap address: 0x00000000e0200000, size: 510 MB, Compressed Oops mode: 32-bit
Narrow klass base: 0x0000000800000000, Narrow klass shift: 3
Compressed class space size: 1073741824 Address: 0x0000000800b30000

Heap:
 garbage-first heap   total 32768K, used 3072K [0x00000000e0200000, 0x0000000100000000)
  region size 1024K, 4 young (4096K), 0 survivors (0K)
 Metaspace       used 819K, capacity 4797K, committed 4864K, reserved 1056768K
  class space    used 85K, capacity 451K, committed 512K, reserved 1048576K
Heap Regions: E=young(eden), S=young(survivor), O=old, HS=humongous(starts), HC=humongous(continues), CS=collection set, F=free, OA=open archive, CA=closed archive, TAMS=top-at-mark-start (previous, next)
|   0|0x00000000e0200000, 0x00000000e0200000, 0x00000000e0300000|  0%| F|  |TAMS 0x00000000e0200000, 0x00000000e0200000| Untracked 
|   1|0x00000000e0300000, 0x00000000e0300000, 0x00000000e0400000|  0%| F|  |TAMS 0x00000000e0300000, 0x00000000e0300000| Untracked 
|   2|0x00000000e0400000, 0x00000000e0400000, 0x00000000e0500000|  0%| F|  |TAMS 0x00000000e0400000, 0x00000000e0400000| Untracked 
|   3|0x00000000e0500000, 0x00000000e0500000, 0x00000000e0600000|  0%| F|  |TAMS 0x00000000e0500000, 0x00000000e0500000| Untracked 
|   4|0x00000000e0600000, 0x00000000e0600000, 0x00000000e0700000|  0%| F|  |TAMS 0x00000000e0600000, 0x00000000e0600000| Untracked 
|   5|0x00000000e0700000, 0x00000000e0700000, 0x00000000e0800000|  0%| F|  |TAMS 0x00000000e0700000, 0x00000000e0700000| Untracked 
|   6|0x00000000e0800000, 0x00000000e0800000, 0x00000000e0900000|  0%| F|  |TAMS 0x00000000e0800000, 0x00000000e0800000| Untracked 
|   7|0x00000000e0900000, 0x00000000e0900000, 0x00000000e0a00000|  0%| F|  |TAMS 0x00000000e0900000, 0x00000000e0900000| Untracked 
|   8|0x00000000e0a00000, 0x00000000e0a00000, 0x00000000e0b00000|  0%| F|  |TAMS 0x00000000e0a00000, 0x00000000e0a00000| Untracked 
|   9|0x00000000e0b00000, 0x00000000e0b00000, 0x00000000e0c00000|  0%| F|  |TAMS 0x00000000e0b00000, 0x00000000e0b00000| Untracked 
|  10|0x00000000e0c00000, 0x00000000e0c00000, 0x00000000e0d00000|  0%| F|  |TAMS 0x00000000e0c00000, 0x00000000e0c00000| Untracked 
|  11|0x00000000e0d00000, 0x00000000e0d00000, 0x00000000e0e00000|  0%| F|  |TAMS 0x00000000e0d00000, 0x00000000e0d00000| Untracked 
|  12|0x00000000e0e00000, 0x00000000e0e00000, 0x00000000e0f00000|  0%| F|  |TAMS 0x00000000e0e00000, 0x00000000e0e00000| Untracked 
|  13|0x00000000e0f00000, 0x00000000e0f00000, 0x00000000e1000000|  0%| F|  |TAMS 0x00000000e0f00000, 0x00000000e0f00000| Untracked 
|  14|0x00000000e1000000, 0x00000000e1000000, 0x00000000e1100000|  0%| F|  |TAMS 0x00000000e1000000, 0x00000000e1000000| Untracked 
|  15|0x00000000e1100000, 0x00000000e1100000, 0x00000000e1200000|  0%| F|  |TAMS 0x00000000e1100000, 0x00000000e1100000| Untracked 
|  16|0x00000000e1200000, 0x00000000e1200000, 0x00000000e1300000|  0%| F|  |TAMS 0x00000000e1200000, 0x00000000e1200000| Untracked 
|  17|0x00000000e1300000, 0x00000000e1300000, 0x00000000e1400000|  0%| F|  |TAMS 0x00000000e1300000, 0x00000000e1300000| Untracked 
|  18|0x00000000e1400000, 0x00000000e1400000, 0x00000000e1500000|  0%| F|  |TAMS 0x00000000e1400000, 0x00000000e1400000| Untracked 
|  19|0x00000000e1500000, 0x00000000e1500000, 0x00000000e1600000|  0%| F|  |TAMS 0x00000000e1500000, 0x00000000e1500000| Untracked 
|  20|0x00000000e1600000, 0x00000000e1600000, 0x00000000e1700000|  0%| F|  |TAMS 0x00000000e1600000, 0x00000000e1600000| Untracked 
|  21|0x00000000e1700000, 0x00000000e1700000, 0x00000000e1800000|  0%| F|  |TAMS 0x00000000e1700000, 0x00000000e1700000| Untracked 
|  22|0x00000000e1800000, 0x00000000e1800000, 0x00000000e1900000|  0%| F|  |TAMS 0x00000000e1800000, 0x00000000e1800000| Untracked 
|  23|0x00000000e1900000, 0x00000000e1900000, 0x00000000e1a00000|  0%| F|  |TAMS 0x00000000e1900000, 0x00000000e1900000| Untracked 
|  24|0x00000000e1a00000, 0x00000000e1a00000, 0x00000000e1b00000|  0%| F|  |TAMS 0x00000000e1a00000, 0x00000000e1a00000| Untracked 
|  25|0x00000000e1b00000, 0x00000000e1b00000, 0x00000000e1c00000|  0%| F|  |TAMS 0x00000000e1b00000, 0x00000000e1b00000| Untracked 
|  26|0x00000000e1c00000, 0x00000000e1c00000, 0x00000000e1d00000|  0%| F|  |TAMS 0x00000000e1c00000, 0x00000000e1c00000| Untracked 
|  27|0x00000000e1d00000, 0x00000000e1d00000, 0x00000000e1e00000|  0%| F|  |TAMS 0x00000000e1d00000, 0x00000000e1d00000| Untracked 
|  28|0x00000000e1e00000, 0x00000000e1ecce38, 0x00000000e1f00000| 80%| E|  |TAMS 0x00000000e1e00000, 0x00000000e1e00000| Complete 
|  29|0x00000000e1f00000, 0x00000000e2000000, 0x00000000e2000000|100%| E|CS|TAMS 0x00000000e1f00000, 0x00000000e1f00000| Complete 
|  30|0x00000000e2000000, 0x00000000e2100000, 0x00000000e2100000|100%| E|CS|TAMS 0x00000000e2000000, 0x00000000e2000000| Complete 
|  31|0x00000000e2100000, 0x00000000e2200000, 0x00000000e2200000|100%| E|CS|TAMS 0x00000000e2100000, 0x00000000e2100000| Complete 

Card table byte_map: [0x000000001a510000,0x000000001a610000] _byte_map_base: 0x0000000019e0f000

Marking Bits (Prev, Next): (CMBitMap*) 0x00000000002a35d8, (CMBitMap*) 0x00000000002a3618
 Prev Bits: [0x000000001a710000, 0x000000001af08000)
 Next Bits: [0x000000001af10000, 0x000000001b708000)

Polling page: 0x0000000000430000

Metaspace:

Usage:
  Non-class:      4.24 MB capacity,   734.47 KB ( 17%) used,     3.52 MB ( 83%) free+waste,     3.31 KB ( <1%) overhead. 
      Class:    451.00 KB capacity,    85.35 KB ( 19%) used,   363.65 KB ( 81%) free+waste,     2.00 KB ( <1%) overhead. 
       Both:      4.68 MB capacity,   819.82 KB ( 17%) used,     3.88 MB ( 83%) free+waste,     5.31 KB ( <1%) overhead. 

Virtual space:
  Non-class space:        8.00 MB reserved,       4.25 MB ( 53%) committed 
      Class space:        1.00 GB reserved,     512.00 KB ( <1%) committed 
             Both:        1.01 GB reserved,       4.75 MB ( <1%) committed 

Chunk freelists:
   Non-Class:  6.00 KB
       Class:  0 bytes
        Both:  6.00 KB

MaxMetaspaceSize: 17179869184.00 GB
CompressedClassSpaceSize: 1.00 GB

CodeHeap 'non-profiled nmethods': size=120000Kb used=75Kb max_used=75Kb free=119924Kb
 bounds [0x00000000128c0000, 0x0000000012b30000, 0x0000000019df0000]
CodeHeap 'profiled nmethods': size=120000Kb used=266Kb max_used=266Kb free=119733Kb
 bounds [0x000000000b390000, 0x000000000b600000, 0x00000000128c0000]
CodeHeap 'non-nmethods': size=5760Kb used=1199Kb max_used=1204Kb free=4561Kb
 bounds [0x000000000adf0000, 0x000000000b060000, 0x000000000b390000]
 total_blobs=577 nmethods=222 adapters=269
 compilation: enabled
              stopped_count=0, restarted_count=0
 full_count=0

Compilation events (20 events):
Event: 1.696 Thread 0x000000001ec6b800  201       3       java.util.Arrays::copyOf (19 bytes)
Event: 1.697 Thread 0x000000001ec6b800 nmethod 201 0x000000000b3cf590 code [0x000000000b3cf740, 0x000000000b3cfa48]
Event: 1.700 Thread 0x000000001ec6b800  202       3       java.lang.StringLatin1::indexOf (121 bytes)
Event: 1.702 Thread 0x000000001ec6b800 nmethod 202 0x000000000b3cfb90 code [0x000000000b3cfd60, 0x000000000b3d0258]
Event: 1.703 Thread 0x000000001ec6b800  203       1       java.net.URL::getProtocol (5 bytes)
Event: 1.704 Thread 0x000000001ec6b800 nmethod 203 0x00000000128cff90 code [0x00000000128d0120, 0x00000000128d01f8]
Event: 6.635 Thread 0x000000001ec6b800  204       1       java.nio.Buffer::position (5 bytes)
Event: 6.635 Thread 0x000000001ec6b800 nmethod 204 0x00000000128d0290 code [0x00000000128d0420, 0x00000000128d04f8]
Event: 6.636 Thread 0x000000001ec6b800  205       1       java.nio.Buffer::limit (5 bytes)
Event: 6.636 Thread 0x000000001ec6b800 nmethod 205 0x00000000128d0590 code [0x00000000128d0720, 0x00000000128d07f8]
Event: 6.637 Thread 0x000000001ec6b800  206       3       java.nio.Buffer::position (55 bytes)
Event: 6.639 Thread 0x000000001ec6b800 nmethod 206 0x000000000b3d0490 code [0x000000000b3d0640, 0x000000000b3d0908]
Event: 6.641 Thread 0x000000001ec6b800  207       3       java.lang.String::isLatin1 (19 bytes)
Event: 6.642 Thread 0x000000001ec6b800 nmethod 207 0x000000000b3d0a10 code [0x000000000b3d0ba0, 0x000000000b3d0d38]
Event: 6.642 Thread 0x000000001ec6b800  208       3       java.nio.ByteBuffer::arrayOffset (35 bytes)
Event: 6.643 Thread 0x000000001ec6b800 nmethod 208 0x000000000b3d0e10 code [0x000000000b3d0fe0, 0x000000000b3d1298]
Event: 6.643 Thread 0x000000001ec6b800  209       3       java.lang.String::checkBoundsOffCount (64 bytes)
Event: 6.648 Thread 0x000000001ec6b800 nmethod 209 0x000000000b3d1410 code [0x000000000b3d16c0, 0x000000000b3d2238]
Event: 6.648 Thread 0x000000001ec6b800  210       3       java.lang.StringUTF16::getChar (60 bytes)
Event: 6.653 Thread 0x000000001ec6b800 nmethod 210 0x000000000b3d2690 code [0x000000000b3d2820, 0x000000000b3d2978]

GC Heap History (0 events):
No events

Deoptimization events (4 events):
Event: 6.623 Thread 0x000000000027b800 Uncommon trap: trap_request=0xffffff45 fr.pc=0x00000000128cfe8c relative=0x000000000000006c
Event: 6.623 Thread 0x000000000027b800 Uncommon trap: reason=unstable_if action=reinterpret pc=0x00000000128cfe8c method=java.lang.String.isLatin1()Z @ 10 c2
Event: 6.623 Thread 0x000000000027b800 DEOPT PACKING pc=0x00000000128cfe8c sp=0x000000000244eed0
Event: 6.623 Thread 0x000000000027b800 DEOPT UNPACKING pc=0x000000000ae39429 sp=0x000000000244ee70 mode 2

Classes unloaded (0 events):
No events

Classes redefined (0 events):
No events

Internal exceptions (0 events):
No events

Events (20 events):
Event: 43.701 Executing VM operation: get/set locals done
Event: 43.701 Executing VM operation: get/set locals
Event: 43.702 Executing VM operation: get/set locals done
Event: 43.702 Executing VM operation: get/set locals
Event: 43.704 Executing VM operation: get/set locals done
Event: 43.705 Executing VM operation: get/set locals
Event: 43.705 Executing VM operation: get/set locals done
Event: 43.705 Executing VM operation: get/set locals
Event: 43.706 Executing VM operation: get/set locals done
Event: 43.707 Executing VM operation: get/set locals
Event: 43.707 Executing VM operation: get/set locals done
Event: 43.708 Executing VM operation: get/set locals
Event: 43.709 Executing VM operation: get/set locals done
Event: 43.709 Executing VM operation: get/set locals
Event: 43.709 Executing VM operation: get/set locals done
Event: 43.709 Executing VM operation: get/set locals
Event: 43.710 Executing VM operation: get/set locals done
Event: 52.705 Thread 0x000000000027b800 Thread exited: 0x000000000027b800
Event: 52.711 Thread 0x000000000027b800 Thread added: 0x000000000027b800
Event: 52.716 Thread 0x000000000027b800 Thread exited: 0x000000000027b800


Dynamic libraries:
0x000000013f830000 - 0x000000013f83d000 	C:\Users\bolid\.jdks\openjdk-14.0.2\bin\java.exe
0x0000000077120000 - 0x00000000772c9000 	C:\Windows\SYSTEM32\ntdll.dll
0x0000000077000000 - 0x000000007711f000 	C:\Windows\system32\kernel32.dll
0x000007fefd2f0000 - 0x000007fefd35b000 	C:\Windows\system32\KERNELBASE.dll
0x000007feea640000 - 0x000007feea658000 	C:\Users\bolid\.jdks\openjdk-14.0.2\bin\jli.dll
0x000007fefbab0000 - 0x000007fefbca4000 	C:\Windows\WinSxS\amd64_microsoft.windows.common-controls_6595b64144ccf1df_6.0.7601.17514_none_fa396087175ac9ac\COMCTL32.dll
0x000007fefe420000 - 0x000007fefe4bf000 	C:\Windows\system32\msvcrt.dll
0x000007fefef20000 - 0x000007fefef87000 	C:\Windows\system32\GDI32.dll
0x0000000076f00000 - 0x0000000076ffa000 	C:\Windows\system32\USER32.dll
0x000007fefebf0000 - 0x000007fefebfe000 	C:\Windows\system32\LPK.dll
0x000007fefef90000 - 0x000007feff059000 	C:\Windows\system32\USP10.dll
0x000007fefec10000 - 0x000007fefec81000 	C:\Windows\system32\SHLWAPI.dll
0x000007feea920000 - 0x000007feea935000 	C:\Users\bolid\.jdks\openjdk-14.0.2\bin\VCRUNTIME140.dll
0x000007fef61e0000 - 0x000007fef61e4000 	C:\Users\bolid\.jdks\openjdk-14.0.2\bin\api-ms-win-crt-runtime-l1-1-0.dll
0x000007fee8990000 - 0x000007fee8a8c000 	C:\Users\bolid\.jdks\openjdk-14.0.2\bin\ucrtbase.DLL
0x000007feea910000 - 0x000007feea913000 	C:\Users\bolid\.jdks\openjdk-14.0.2\bin\api-ms-win-core-localization-l1-2-0.dll
0x000007feea630000 - 0x000007feea633000 	C:\Users\bolid\.jdks\openjdk-14.0.2\bin\api-ms-win-core-processthreads-l1-1-1.dll
0x000007feea790000 - 0x000007feea793000 	C:\Users\bolid\.jdks\openjdk-14.0.2\bin\api-ms-win-core-file-l1-2-0.dll
0x000007feea620000 - 0x000007feea623000 	C:\Users\bolid\.jdks\openjdk-14.0.2\bin\api-ms-win-core-timezone-l1-1-0.dll
0x000007fee9e50000 - 0x000007fee9e53000 	C:\Users\bolid\.jdks\openjdk-14.0.2\bin\api-ms-win-core-file-l2-1-0.dll
0x000007fee9e40000 - 0x000007fee9e43000 	C:\Users\bolid\.jdks\openjdk-14.0.2\bin\api-ms-win-core-synch-l1-2-0.dll
0x000007fee9e30000 - 0x000007fee9e33000 	C:\Users\bolid\.jdks\openjdk-14.0.2\bin\api-ms-win-crt-heap-l1-1-0.dll
0x000007fee9e20000 - 0x000007fee9e24000 	C:\Users\bolid\.jdks\openjdk-14.0.2\bin\api-ms-win-crt-string-l1-1-0.dll
0x000007fee9e10000 - 0x000007fee9e14000 	C:\Users\bolid\.jdks\openjdk-14.0.2\bin\api-ms-win-crt-stdio-l1-1-0.dll
0x000007fee9e00000 - 0x000007fee9e04000 	C:\Users\bolid\.jdks\openjdk-14.0.2\bin\api-ms-win-crt-convert-l1-1-0.dll
0x000007fee9df0000 - 0x000007fee9df3000 	C:\Users\bolid\.jdks\openjdk-14.0.2\bin\api-ms-win-crt-environment-l1-1-0.dll
0x000007fee9de0000 - 0x000007fee9de3000 	C:\Users\bolid\.jdks\openjdk-14.0.2\bin\api-ms-win-crt-filesystem-l1-1-0.dll
0x000007fee9dd0000 - 0x000007fee9dd5000 	C:\Users\bolid\.jdks\openjdk-14.0.2\bin\api-ms-win-crt-math-l1-1-0.dll
0x000007fee9dc0000 - 0x000007fee9dc3000 	C:\Users\bolid\.jdks\openjdk-14.0.2\bin\api-ms-win-crt-locale-l1-1-0.dll
0x000007fefec90000 - 0x000007fefecbe000 	C:\Windows\system32\IMM32.DLL
0x000007fefd440000 - 0x000007fefd549000 	C:\Windows\system32\MSCTF.dll
0x000007fee88f0000 - 0x000007fee898b000 	C:\Users\bolid\.jdks\openjdk-14.0.2\bin\msvcp140.dll
0x000007fee9db0000 - 0x000007fee9db3000 	C:\Users\bolid\.jdks\openjdk-14.0.2\bin\api-ms-win-crt-time-l1-1-0.dll
0x000007fee9da0000 - 0x000007fee9da3000 	C:\Users\bolid\.jdks\openjdk-14.0.2\bin\api-ms-win-crt-utility-l1-1-0.dll
0x000007fee4ff0000 - 0x000007fee5b0e000 	C:\Users\bolid\.jdks\openjdk-14.0.2\bin\server\jvm.dll
0x000007fefe340000 - 0x000007fefe41b000 	C:\Windows\system32\ADVAPI32.dll
0x000007feff060000 - 0x000007feff07f000 	C:\Windows\SYSTEM32\sechost.dll
0x000007fefe4c0000 - 0x000007fefe5ed000 	C:\Windows\system32\RPCRT4.dll
0x000007fefc2a0000 - 0x000007fefc2a9000 	C:\Windows\system32\WSOCK32.dll
0x000007fefe5f0000 - 0x000007fefe63d000 	C:\Windows\system32\WS2_32.dll
0x000007fefec00000 - 0x000007fefec08000 	C:\Windows\system32\NSI.dll
0x000007fef9010000 - 0x000007fef904b000 	C:\Windows\system32\WINMM.dll
0x000007fefc270000 - 0x000007fefc27c000 	C:\Windows\system32\VERSION.dll
0x00000000772e0000 - 0x00000000772e7000 	C:\Windows\system32\PSAPI.DLL
0x000007fee9d90000 - 0x000007fee9d9a000 	C:\Users\bolid\.jdks\openjdk-14.0.2\bin\jimage.dll
0x000007fef7c30000 - 0x000007fef7d55000 	C:\Windows\system32\DBGHELP.DLL
0x000007fee9930000 - 0x000007fee9968000 	C:\Users\bolid\.jdks\openjdk-14.0.2\bin\jdwp.dll
0x000007fee9d60000 - 0x000007fee9d85000 	C:\Users\bolid\.jdks\openjdk-14.0.2\bin\java.dll
0x000007fee9920000 - 0x000007fee992e000 	C:\Users\bolid\.jdks\openjdk-14.0.2\bin\instrument.dll
0x000007fee9c40000 - 0x000007fee9c56000 	C:\Users\bolid\.jdks\openjdk-14.0.2\bin\zip.dll
0x000007fefd550000 - 0x000007fefe2d8000 	C:\Windows\system32\SHELL32.dll
0x000007fefe940000 - 0x000007fefeb43000 	C:\Windows\system32\ole32.dll
0x000007fefd070000 - 0x000007fefd07f000 	C:\Windows\system32\profapi.dll
0x000007fee98f0000 - 0x000007fee98fb000 	C:\Users\bolid\.jdks\openjdk-14.0.2\bin\dt_socket.dll
0x000007fefab60000 - 0x000007fefab87000 	C:\Windows\system32\IPHLPAPI.DLL
0x000007fefab40000 - 0x000007fefab4b000 	C:\Windows\system32\WINNSI.DLL
0x0000000020b00000 - 0x0000000020b79000 	C:\Windows\system32\imon.dll
0x000007fefc280000 - 0x000007fefc298000 	C:\Windows\system32\MPR.dll
0x000007fefc8a0000 - 0x000007fefc8f5000 	C:\Windows\system32\mswsock.dll
0x000007fefc260000 - 0x000007fefc267000 	C:\Windows\System32\wshtcpip.dll
0x000007fee9900000 - 0x000007fee9919000 	C:\Users\bolid\.jdks\openjdk-14.0.2\bin\net.dll
0x000007fef9a50000 - 0x000007fef9ac1000 	C:\Windows\system32\WINHTTP.dll
0x000007fef99e0000 - 0x000007fef9a44000 	C:\Windows\system32\webio.dll
0x000007fefc890000 - 0x000007fefc897000 	C:\Windows\System32\wship6.dll
0x000007fee9790000 - 0x000007fee97a2000 	C:\Users\bolid\.jdks\openjdk-14.0.2\bin\nio.dll

dbghelp: loaded successfully - version: 4.0.5 - missing functions: none
symbol engine: initialized successfully - sym options: 0x614 - pdb path: .;C:\Users\bolid\.jdks\openjdk-14.0.2\bin;C:\Windows\SYSTEM32;C:\Windows\WinSxS\amd64_microsoft.windows.common-controls_6595b64144ccf1df_6.0.7601.17514_none_fa396087175ac9ac;C:\Users\bolid\.jdks\openjdk-14.0.2\bin\server

VM Arguments:
jvm_args: -agentlib:jdwp=transport=dt_socket,address=127.0.0.1:56144,suspend=y,server=n -javaagent:C:\Users\bolid\AppData\Local\JetBrains\IdeaIC2020.2\captureAgent\debugger-agent.jar -Dfile.encoding=UTF-8 
java_command: com.javarush.task.task18.task1827.Solution
java_class_path (initial): C:\Users\bolid\Downloads\JavaRushTasks\out\production\2.JavaCore;C:\Users\bolid\Downloads\JavaRushTasks\out\production\1.JavaSyntax;C:\Program Files\JetBrains\IntelliJ IDEA Community Edition 2020.1.2\lib\idea_rt.jar
Launcher Type: SUN_STANDARD

[Global flags]
